Using pre-set license
Built from '2020.3/staging' branch; Version is '2020.3.8f1 (507919d4fff5) revision 5273881'; Using compiler version '192528614'; Build Type 'Release'
OS: 'Windows 10 Home; OS build 19043.1083; Version 2009; 64bit' Language: 'en' Physical Memory: 32717 MB
BatchMode: 1, IsHumanControllingUs: 0, StartBugReporterOnCrash: 0, Is64bit: 1, IsPro: 0

 COMMAND LINE ARGUMENTS:
D:\2020.3.8f1\Editor\Unity.exe
-adb2
-batchMode
-noUpm
-name
AssetImportWorker3
-projectPath
C:/Users/Flori/unity/PetGame
-logFile
Logs/AssetImportWorker3.log
-srvPort
60777
Successfully changed project path to: C:/Users/Flori/unity/PetGame
C:/Users/Flori/unity/PetGame
Using Asset Import Pipeline V2.
Refreshing native plugins compatible for Editor in 54.17 ms, found 0 plugins.
Preloading 0 native plugins for Editor in 0.00 ms.
Initialize engine version: 2020.3.8f1 (507919d4fff5)
[Subsystems] Discovering subsystems at path D:/2020.3.8f1/Editor/Data/Resources/UnitySubsystems
[Subsystems] Discovering subsystems at path C:/Users/Flori/unity/PetGame/Assets
GfxDevice: creating device client; threaded=0
Direct3D:
    Version:  Direct3D 11.0 [level 11.1]
    Renderer: NVIDIA GeForce RTX 2070 SUPER (ID=0x1e84)
    Vendor:   
    VRAM:     8011 MB
    Driver:   27.21.14.5671
Initialize mono
Mono path[0] = 'D:/2020.3.8f1/Editor/Data/Managed'
Mono path[1] = 'D:/2020.3.8f1/Editor/Data/MonoBleedingEdge/lib/mono/unityjit'
Mono config path = 'D:/2020.3.8f1/Editor/Data/MonoBleedingEdge/etc'
Using monoOptions --debugger-agent=transport=dt_socket,embedding=1,server=y,suspend=n,address=127.0.0.1:56904
Begin MonoManager ReloadAssembly
Registering precompiled unity dll's ...
Register platform support module: D:/2020.3.8f1/Editor/Data/PlaybackEngines/WindowsStandaloneSupport/UnityEditor.WindowsStandalone.Extensions.dll
Registered in 0.001317 seconds.
Native extension for WindowsStandalone target not found
Refreshing native plugins compatible for Editor in 54.63 ms, found 0 plugins.
Preloading 0 native plugins for Editor in 0.00 ms.
Mono: successfully reloaded assembly
- Completed reload, in  6.377 seconds
Platform modules already initialized, skipping
Registering precompiled user dll's ...
Registered in 0.001857 seconds.
Begin MonoManager ReloadAssembly
Native extension for WindowsStandalone target not found
Refreshing native plugins compatible for Editor in 57.38 ms, found 0 plugins.
Preloading 0 native plugins for Editor in 0.00 ms.
Mono: successfully reloaded assembly
- Completed reload, in  1.209 seconds
Platform modules already initialized, skipping
========================================================================
Worker process is ready to serve import requests
Shader 'Universal Render Pipeline/Particles/Lit': fallback shader 'Universal Render Pipeline/Particles/SimpleLit' not found
Shader 'Universal Render Pipeline/Particles/Lit': fallback shader 'Universal Render Pipeline/Particles/SimpleLit' not found
Launched and connected shader compiler UnityShaderCompiler.exe after 0.08 seconds
Refreshing native plugins compatible for Editor in 0.48 ms, found 0 plugins.
Preloading 0 native plugins for Editor in 0.00 ms.
Unloading 2492 Unused Serialized files (Serialized files now loaded: 0)
System memory in use before: 117.6 MB.
System memory in use after: 115.0 MB.

Unloading 36 unused Assets to reduce memory usage. Loaded Objects now: 2912.
Total: 3.994100 ms (FindLiveObjects: 0.305600 ms CreateObjectMapping: 0.074400 ms MarkObjects: 2.184100 ms  DeleteObjects: 1.428300 ms)

========================================================================
Received Import Request.
  path: Assets/Scenes/EggSelection.unity
  artifactKey: Guid(000e5f223106f164abb5db68fbc42c3c) Importer(815301076,1909f56bfc062723c751e8b465ee728b)
Start importing Assets/Scenes/EggSelection.unity using Guid(000e5f223106f164abb5db68fbc42c3c) Importer(815301076,1909f56bfc062723c751e8b465ee728b)  -> (artifact id: 'c6456b50943c1d0464869a61fc4013bf') in 0.030199 seconds
  Import took 0.035636 seconds .

========================================================================
Received Prepare
Registering precompiled user dll's ...
Registered in 0.001795 seconds.
Begin MonoManager ReloadAssembly
Native extension for WindowsStandalone target not found
Refreshing native plugins compatible for Editor in 0.46 ms, found 0 plugins.
Preloading 0 native plugins for Editor in 0.00 ms.
Mono: successfully reloaded assembly
- Completed reload, in  1.107 seconds
Platform modules already initialized, skipping
Shader 'Universal Render Pipeline/Particles/Lit': fallback shader 'Universal Render Pipeline/Particles/SimpleLit' not found
Shader 'Universal Render Pipeline/Particles/Lit': fallback shader 'Universal Render Pipeline/Particles/SimpleLit' not found
Refreshing native plugins compatible for Editor in 0.64 ms, found 0 plugins.
Preloading 0 native plugins for Editor in 0.00 ms.
Unloading 2392 Unused Serialized files (Serialized files now loaded: 0)
System memory in use before: 111.8 MB.
System memory in use after: 109.3 MB.

Unloading 31 unused Assets to reduce memory usage. Loaded Objects now: 2915.
Total: 3.896100 ms (FindLiveObjects: 0.282300 ms CreateObjectMapping: 0.070300 ms MarkObjects: 2.049200 ms  DeleteObjects: 1.492800 ms)

========================================================================
Received Prepare
Registering precompiled user dll's ...
Registered in 0.001945 seconds.
Begin MonoManager ReloadAssembly
Native extension for WindowsStandalone target not found
Refreshing native plugins compatible for Editor in 0.45 ms, found 0 plugins.
Preloading 0 native plugins for Editor in 0.00 ms.
Mono: successfully reloaded assembly
- Completed reload, in  1.076 seconds
Platform modules already initialized, skipping
Shader 'Universal Render Pipeline/Particles/Lit': fallback shader 'Universal Render Pipeline/Particles/SimpleLit' not found
Shader 'Universal Render Pipeline/Particles/Lit': fallback shader 'Universal Render Pipeline/Particles/SimpleLit' not found
Refreshing native plugins compatible for Editor in 0.45 ms, found 0 plugins.
Preloading 0 native plugins for Editor in 0.00 ms.
Unloading 2392 Unused Serialized files (Serialized files now loaded: 0)
System memory in use before: 111.8 MB.
System memory in use after: 109.3 MB.

Unloading 31 unused Assets to reduce memory usage. Loaded Objects now: 2918.
Total: 4.205200 ms (FindLiveObjects: 0.273800 ms CreateObjectMapping: 0.067100 ms MarkObjects: 2.234500 ms  DeleteObjects: 1.627800 ms)

========================================================================
Received Prepare
Registering precompiled user dll's ...
Registered in 0.001745 seconds.
Begin MonoManager ReloadAssembly
Native extension for WindowsStandalone target not found
Refreshing native plugins compatible for Editor in 1.00 ms, found 0 plugins.
Preloading 0 native plugins for Editor in 0.00 ms.
Mono: successfully reloaded assembly
- Completed reload, in  1.227 seconds
Platform modules already initialized, skipping
Shader 'Universal Render Pipeline/Particles/Lit': fallback shader 'Universal Render Pipeline/Particles/SimpleLit' not found
Shader 'Universal Render Pipeline/Particles/Lit': fallback shader 'Universal Render Pipeline/Particles/SimpleLit' not found
Refreshing native plugins compatible for Editor in 0.50 ms, found 0 plugins.
Preloading 0 native plugins for Editor in 0.00 ms.
Unloading 2392 Unused Serialized files (Serialized files now loaded: 0)
System memory in use before: 111.8 MB.
System memory in use after: 109.3 MB.

Unloading 31 unused Assets to reduce memory usage. Loaded Objects now: 2921.
Total: 4.027000 ms (FindLiveObjects: 0.266200 ms CreateObjectMapping: 0.068000 ms MarkObjects: 2.129200 ms  DeleteObjects: 1.562000 ms)

========================================================================
Received Prepare
Registering precompiled user dll's ...
Registered in 0.001909 seconds.
Begin MonoManager ReloadAssembly
Native extension for WindowsStandalone target not found
Refreshing native plugins compatible for Editor in 0.48 ms, found 0 plugins.
Preloading 0 native plugins for Editor in 0.00 ms.
Mono: successfully reloaded assembly
- Completed reload, in  1.050 seconds
Platform modules already initialized, skipping
Shader 'Universal Render Pipeline/Particles/Lit': fallback shader 'Universal Render Pipeline/Particles/SimpleLit' not found
Shader 'Universal Render Pipeline/Particles/Lit': fallback shader 'Universal Render Pipeline/Particles/SimpleLit' not found
Refreshing native plugins compatible for Editor in 0.46 ms, found 0 plugins.
Preloading 0 native plugins for Editor in 0.00 ms.
Unloading 2392 Unused Serialized files (Serialized files now loaded: 0)
System memory in use before: 111.8 MB.
System memory in use after: 109.4 MB.

Unloading 31 unused Assets to reduce memory usage. Loaded Objects now: 2924.
Total: 5.127000 ms (FindLiveObjects: 0.374700 ms CreateObjectMapping: 0.089900 ms MarkObjects: 2.864400 ms  DeleteObjects: 1.795500 ms)

========================================================================
Received Prepare
Registering precompiled user dll's ...
Registered in 0.002178 seconds.
Begin MonoManager ReloadAssembly
Native extension for WindowsStandalone target not found
Refreshing native plugins compatible for Editor in 0.49 ms, found 0 plugins.
Preloading 0 native plugins for Editor in 0.00 ms.
Mono: successfully reloaded assembly
- Completed reload, in  1.031 seconds
Platform modules already initialized, skipping
Shader 'Universal Render Pipeline/Particles/Lit': fallback shader 'Universal Render Pipeline/Particles/SimpleLit' not found
Shader 'Universal Render Pipeline/Particles/Lit': fallback shader 'Universal Render Pipeline/Particles/SimpleLit' not found
Refreshing native plugins compatible for Editor in 0.46 ms, found 0 plugins.
Preloading 0 native plugins for Editor in 0.00 ms.
Unloading 2392 Unused Serialized files (Serialized files now loaded: 0)
System memory in use before: 111.8 MB.
System memory in use after: 109.3 MB.

Unloading 31 unused Assets to reduce memory usage. Loaded Objects now: 2927.
Total: 4.807000 ms (FindLiveObjects: 0.365400 ms CreateObjectMapping: 0.088400 ms MarkObjects: 2.467400 ms  DeleteObjects: 1.884300 ms)

========================================================================
Received Prepare
Registering precompiled user dll's ...
Registered in 0.002645 seconds.
Begin MonoManager ReloadAssembly
Native extension for WindowsStandalone target not found
Refreshing native plugins compatible for Editor in 0.68 ms, found 0 plugins.
Preloading 0 native plugins for Editor in 0.00 ms.
Mono: successfully reloaded assembly
- Completed reload, in  1.059 seconds
Platform modules already initialized, skipping
Shader 'Universal Render Pipeline/Particles/Lit': fallback shader 'Universal Render Pipeline/Particles/SimpleLit' not found
Shader 'Universal Render Pipeline/Particles/Lit': fallback shader 'Universal Render Pipeline/Particles/SimpleLit' not found
Refreshing native plugins compatible for Editor in 0.46 ms, found 0 plugins.
Preloading 0 native plugins for Editor in 0.00 ms.
Unloading 2392 Unused Serialized files (Serialized files now loaded: 0)
System memory in use before: 111.9 MB.
System memory in use after: 109.4 MB.

Unloading 31 unused Assets to reduce memory usage. Loaded Objects now: 2930.
Total: 4.995300 ms (FindLiveObjects: 0.358500 ms CreateObjectMapping: 0.087400 ms MarkObjects: 2.665400 ms  DeleteObjects: 1.882100 ms)

========================================================================
Received Prepare
Registering precompiled user dll's ...
Registered in 0.001823 seconds.
Begin MonoManager ReloadAssembly
Native extension for WindowsStandalone target not found
Refreshing native plugins compatible for Editor in 0.50 ms, found 0 plugins.
Preloading 0 native plugins for Editor in 0.00 ms.
Mono: successfully reloaded assembly
- Completed reload, in  1.051 seconds
Platform modules already initialized, skipping
Shader 'Universal Render Pipeline/Particles/Lit': fallback shader 'Universal Render Pipeline/Particles/SimpleLit' not found
Shader 'Universal Render Pipeline/Particles/Lit': fallback shader 'Universal Render Pipeline/Particles/SimpleLit' not found
Refreshing native plugins compatible for Editor in 1.19 ms, found 0 plugins.
Preloading 0 native plugins for Editor in 0.00 ms.
Unloading 2392 Unused Serialized files (Serialized files now loaded: 0)
System memory in use before: 111.9 MB.
System memory in use after: 109.4 MB.

Unloading 31 unused Assets to reduce memory usage. Loaded Objects now: 2933.
Total: 4.507400 ms (FindLiveObjects: 0.370500 ms CreateObjectMapping: 0.090200 ms MarkObjects: 2.350400 ms  DeleteObjects: 1.694300 ms)

========================================================================
Received Prepare
Registering precompiled user dll's ...
Registered in 0.001936 seconds.
Begin MonoManager ReloadAssembly
Native extension for WindowsStandalone target not found
Refreshing native plugins compatible for Editor in 0.47 ms, found 0 plugins.
Preloading 0 native plugins for Editor in 0.00 ms.
Mono: successfully reloaded assembly
- Completed reload, in  1.037 seconds
Platform modules already initialized, skipping
Shader 'Universal Render Pipeline/Particles/Lit': fallback shader 'Universal Render Pipeline/Particles/SimpleLit' not found
Shader 'Universal Render Pipeline/Particles/Lit': fallback shader 'Universal Render Pipeline/Particles/SimpleLit' not found
Refreshing native plugins compatible for Editor in 0.45 ms, found 0 plugins.
Preloading 0 native plugins for Editor in 0.00 ms.
Unloading 2392 Unused Serialized files (Serialized files now loaded: 0)
System memory in use before: 111.8 MB.
System memory in use after: 109.4 MB.

Unloading 31 unused Assets to reduce memory usage. Loaded Objects now: 2936.
Total: 4.490600 ms (FindLiveObjects: 0.296100 ms CreateObjectMapping: 0.070300 ms MarkObjects: 2.289300 ms  DeleteObjects: 1.832800 ms)

========================================================================
Received Prepare
Registering precompiled user dll's ...
Registered in 0.001756 seconds.
Begin MonoManager ReloadAssembly
Native extension for WindowsStandalone target not found
Refreshing native plugins compatible for Editor in 0.46 ms, found 0 plugins.
Preloading 0 native plugins for Editor in 0.00 ms.
Mono: successfully reloaded assembly
- Completed reload, in  1.236 seconds
Platform modules already initialized, skipping
Shader 'Universal Render Pipeline/Particles/Lit': fallback shader 'Universal Render Pipeline/Particles/SimpleLit' not found
Shader 'Universal Render Pipeline/Particles/Lit': fallback shader 'Universal Render Pipeline/Particles/SimpleLit' not found
Refreshing native plugins compatible for Editor in 0.46 ms, found 0 plugins.
Preloading 0 native plugins for Editor in 0.00 ms.
Unloading 2392 Unused Serialized files (Serialized files now loaded: 0)
System memory in use before: 111.9 MB.
System memory in use after: 109.4 MB.

Unloading 31 unused Assets to reduce memory usage. Loaded Objects now: 2939.
Total: 3.850400 ms (FindLiveObjects: 0.261700 ms CreateObjectMapping: 0.069700 ms MarkObjects: 1.914100 ms  DeleteObjects: 1.603400 ms)

========================================================================
Received Import Request.
  Time since last request: 723.001846 seconds.
  path: Assets/Scenes/EggSelection.unity
  artifactKey: Guid(000e5f223106f164abb5db68fbc42c3c) Importer(815301076,1909f56bfc062723c751e8b465ee728b)
Start importing Assets/Scenes/EggSelection.unity using Guid(000e5f223106f164abb5db68fbc42c3c) Importer(815301076,1909f56bfc062723c751e8b465ee728b)  -> (artifact id: 'feeb2cd152a0dc26b2c949ef1306668b') in 0.062755 seconds
  Import took 0.067135 seconds .

========================================================================
Received Import Request.
  Time since last request: 14.383130 seconds.
  path: Assets/Scripts/Adoption
  artifactKey: Guid(902924edab6e2a74b81361a16ef54c46) Importer(815301076,1909f56bfc062723c751e8b465ee728b)
Start importing Assets/Scripts/Adoption using Guid(902924edab6e2a74b81361a16ef54c46) Importer(815301076,1909f56bfc062723c751e8b465ee728b)  -> (artifact id: '9698d0eb1219428f2bab5c336cf0945d') in 0.008722 seconds
  Import took 0.012852 seconds .

========================================================================
Received Prepare
Registering precompiled user dll's ...
Registered in 0.001839 seconds.
Begin MonoManager ReloadAssembly
Native extension for WindowsStandalone target not found
Refreshing native plugins compatible for Editor in 0.64 ms, found 0 plugins.
Preloading 0 native plugins for Editor in 0.00 ms.
Mono: successfully reloaded assembly
- Completed reload, in  1.095 seconds
Platform modules already initialized, skipping
Shader 'Universal Render Pipeline/Particles/Lit': fallback shader 'Universal Render Pipeline/Particles/SimpleLit' not found
Shader 'Universal Render Pipeline/Particles/Lit': fallback shader 'Universal Render Pipeline/Particles/SimpleLit' not found
Refreshing native plugins compatible for Editor in 0.58 ms, found 0 plugins.
Preloading 0 native plugins for Editor in 0.00 ms.
Unloading 2392 Unused Serialized files (Serialized files now loaded: 0)
System memory in use before: 111.8 MB.
System memory in use after: 109.3 MB.

Unloading 31 unused Assets to reduce memory usage. Loaded Objects now: 2942.
Total: 4.034000 ms (FindLiveObjects: 0.278800 ms CreateObjectMapping: 0.069200 ms MarkObjects: 2.066900 ms  DeleteObjects: 1.617700 ms)

========================================================================
Received Import Request.
  Time since last request: 6.409141 seconds.
  path: Assets/Scripts/Adoption/AdoptionPlaceButton.cs
  artifactKey: Guid(a8cb1e4fc2c4eb248b25742ba9cc242a) Importer(815301076,1909f56bfc062723c751e8b465ee728b)
Start importing Assets/Scripts/Adoption/AdoptionPlaceButton.cs using Guid(a8cb1e4fc2c4eb248b25742ba9cc242a) Importer(815301076,1909f56bfc062723c751e8b465ee728b)  -> (artifact id: '64d33ba44a73a7eac61ec2a4f5bdd65f') in 0.055361 seconds
  Import took 0.059708 seconds .

========================================================================
Received Prepare
Registering precompiled user dll's ...
Registered in 0.001765 seconds.
Begin MonoManager ReloadAssembly
Native extension for WindowsStandalone target not found
Refreshing native plugins compatible for Editor in 0.54 ms, found 0 plugins.
Preloading 0 native plugins for Editor in 0.00 ms.
Mono: successfully reloaded assembly
- Completed reload, in  1.127 seconds
Platform modules already initialized, skipping
Shader 'Universal Render Pipeline/Particles/Lit': fallback shader 'Universal Render Pipeline/Particles/SimpleLit' not found
Shader 'Universal Render Pipeline/Particles/Lit': fallback shader 'Universal Render Pipeline/Particles/SimpleLit' not found
Refreshing native plugins compatible for Editor in 0.45 ms, found 0 plugins.
Preloading 0 native plugins for Editor in 0.00 ms.
Unloading 2392 Unused Serialized files (Serialized files now loaded: 0)
System memory in use before: 111.9 MB.
System memory in use after: 109.4 MB.

Unloading 31 unused Assets to reduce memory usage. Loaded Objects now: 2945.
Total: 4.212500 ms (FindLiveObjects: 0.288800 ms CreateObjectMapping: 0.069800 ms MarkObjects: 2.212700 ms  DeleteObjects: 1.639100 ms)

========================================================================
Received Import Request.
  Time since last request: 28.659926 seconds.
  path: Assets/Scripts/Adoption/SelectableEgg.cs
  artifactKey: Guid(0bc3b777644219d4fb1f406e1bd5833e) Importer(815301076,1909f56bfc062723c751e8b465ee728b)
Start importing Assets/Scripts/Adoption/SelectableEgg.cs using Guid(0bc3b777644219d4fb1f406e1bd5833e) Importer(815301076,1909f56bfc062723c751e8b465ee728b)  -> (artifact id: 'c8f5c907b26baffa32ec1a0621a810cd') in 0.015308 seconds
  Import took 0.020102 seconds .

========================================================================
Received Prepare
Registering precompiled user dll's ...
Registered in 0.001754 seconds.
Begin MonoManager ReloadAssembly
Native extension for WindowsStandalone target not found
Refreshing native plugins compatible for Editor in 0.52 ms, found 0 plugins.
Preloading 0 native plugins for Editor in 0.00 ms.
Mono: successfully reloaded assembly
- Completed reload, in  1.079 seconds
Platform modules already initialized, skipping
Shader 'Universal Render Pipeline/Particles/Lit': fallback shader 'Universal Render Pipeline/Particles/SimpleLit' not found
Shader 'Universal Render Pipeline/Particles/Lit': fallback shader 'Universal Render Pipeline/Particles/SimpleLit' not found
Refreshing native plugins compatible for Editor in 0.48 ms, found 0 plugins.
Preloading 0 native plugins for Editor in 0.00 ms.
Unloading 2393 Unused Serialized files (Serialized files now loaded: 0)
System memory in use before: 112.0 MB.
System memory in use after: 109.5 MB.

Unloading 31 unused Assets to reduce memory usage. Loaded Objects now: 2949.
Total: 3.984100 ms (FindLiveObjects: 0.264300 ms CreateObjectMapping: 0.068200 ms MarkObjects: 1.992700 ms  DeleteObjects: 1.657400 ms)

========================================================================
Received Prepare
Registering precompiled user dll's ...
Registered in 0.001943 seconds.
Begin MonoManager ReloadAssembly
Native extension for WindowsStandalone target not found
Refreshing native plugins compatible for Editor in 0.46 ms, found 0 plugins.
Preloading 0 native plugins for Editor in 0.00 ms.
Mono: successfully reloaded assembly
- Completed reload, in  1.279 seconds
Platform modules already initialized, skipping
Shader 'Universal Render Pipeline/Particles/Lit': fallback shader 'Universal Render Pipeline/Particles/SimpleLit' not found
Shader 'Universal Render Pipeline/Particles/Lit': fallback shader 'Universal Render Pipeline/Particles/SimpleLit' not found
Refreshing native plugins compatible for Editor in 0.47 ms, found 0 plugins.
Preloading 0 native plugins for Editor in 0.00 ms.
Unloading 2393 Unused Serialized files (Serialized files now loaded: 0)
System memory in use before: 112.0 MB.
System memory in use after: 109.5 MB.

Unloading 31 unused Assets to reduce memory usage. Loaded Objects now: 2952.
Total: 4.211100 ms (FindLiveObjects: 0.249000 ms CreateObjectMapping: 0.069300 ms MarkObjects: 2.145400 ms  DeleteObjects: 1.746000 ms)

========================================================================
Received Prepare
Registering precompiled user dll's ...
Registered in 0.001879 seconds.
Begin MonoManager ReloadAssembly
Native extension for WindowsStandalone target not found
Refreshing native plugins compatible for Editor in 0.49 ms, found 0 plugins.
Preloading 0 native plugins for Editor in 0.00 ms.
Mono: successfully reloaded assembly
- Completed reload, in  1.163 seconds
Platform modules already initialized, skipping
Shader 'Universal Render Pipeline/Particles/Lit': fallback shader 'Universal Render Pipeline/Particles/SimpleLit' not found
Shader 'Universal Render Pipeline/Particles/Lit': fallback shader 'Universal Render Pipeline/Particles/SimpleLit' not found
Refreshing native plugins compatible for Editor in 0.67 ms, found 0 plugins.
Preloading 0 native plugins for Editor in 0.00 ms.
Unloading 2393 Unused Serialized files (Serialized files now loaded: 0)
System memory in use before: 111.9 MB.
System memory in use after: 109.5 MB.

Unloading 31 unused Assets to reduce memory usage. Loaded Objects now: 2955.
Total: 3.948500 ms (FindLiveObjects: 0.271800 ms CreateObjectMapping: 0.067900 ms MarkObjects: 2.003200 ms  DeleteObjects: 1.603800 ms)

========================================================================
Received Import Request.
  Time since last request: 9428.034957 seconds.
  path: Assets/Scripts/Adoption/SelectableEgg.cs
  artifactKey: Guid(0bc3b777644219d4fb1f406e1bd5833e) Importer(815301076,1909f56bfc062723c751e8b465ee728b)
Start importing Assets/Scripts/Adoption/SelectableEgg.cs using Guid(0bc3b777644219d4fb1f406e1bd5833e) Importer(815301076,1909f56bfc062723c751e8b465ee728b)  -> (artifact id: '7942e44b87671b455c72d3985d749932') in 0.010708 seconds
  Import took 0.015827 seconds .

========================================================================
Received Prepare
Registering precompiled user dll's ...
Registered in 0.001753 seconds.
Begin MonoManager ReloadAssembly
Native extension for WindowsStandalone target not found
Refreshing native plugins compatible for Editor in 0.45 ms, found 0 plugins.
Preloading 0 native plugins for Editor in 0.00 ms.
Mono: successfully reloaded assembly
- Completed reload, in  1.015 seconds
Platform modules already initialized, skipping
Shader 'Universal Render Pipeline/Particles/Lit': fallback shader 'Universal Render Pipeline/Particles/SimpleLit' not found
Shader 'Universal Render Pipeline/Particles/Lit': fallback shader 'Universal Render Pipeline/Particles/SimpleLit' not found
Refreshing native plugins compatible for Editor in 0.53 ms, found 0 plugins.
Preloading 0 native plugins for Editor in 0.00 ms.
Unloading 2393 Unused Serialized files (Serialized files now loaded: 0)
System memory in use before: 111.9 MB.
System memory in use after: 109.4 MB.

Unloading 31 unused Assets to reduce memory usage. Loaded Objects now: 2958.
Total: 3.843600 ms (FindLiveObjects: 0.245600 ms CreateObjectMapping: 0.068100 ms MarkObjects: 1.904600 ms  DeleteObjects: 1.623800 ms)

========================================================================
Received Prepare
Registering precompiled user dll's ...
Registered in 0.001796 seconds.
Begin MonoManager ReloadAssembly
Native extension for WindowsStandalone target not found
Refreshing native plugins compatible for Editor in 0.57 ms, found 0 plugins.
Preloading 0 native plugins for Editor in 0.00 ms.
Mono: successfully reloaded assembly
- Completed reload, in  1.006 seconds
Platform modules already initialized, skipping
Shader 'Universal Render Pipeline/Particles/Lit': fallback shader 'Universal Render Pipeline/Particles/SimpleLit' not found
Shader 'Universal Render Pipeline/Particles/Lit': fallback shader 'Universal Render Pipeline/Particles/SimpleLit' not found
Refreshing native plugins compatible for Editor in 0.62 ms, found 0 plugins.
Preloading 0 native plugins for Editor in 0.00 ms.
Unloading 2393 Unused Serialized files (Serialized files now loaded: 0)
System memory in use before: 111.9 MB.
System memory in use after: 109.5 MB.

Unloading 31 unused Assets to reduce memory usage. Loaded Objects now: 2961.
Total: 4.229300 ms (FindLiveObjects: 0.248200 ms CreateObjectMapping: 0.068400 ms MarkObjects: 2.205900 ms  DeleteObjects: 1.705000 ms)

========================================================================
Received Import Request.
  Time since last request: 922.786998 seconds.
  path: Assets/Scripts/Adoption/SelectableEgg.cs
  artifactKey: Guid(0bc3b777644219d4fb1f406e1bd5833e) Importer(815301076,1909f56bfc062723c751e8b465ee728b)
Start importing Assets/Scripts/Adoption/SelectableEgg.cs using Guid(0bc3b777644219d4fb1f406e1bd5833e) Importer(815301076,1909f56bfc062723c751e8b465ee728b)  -> (artifact id: 'd8ff03ed6bd5c0c3025dd5e6657a6577') in 0.006822 seconds
  Import took 0.035545 seconds .

========================================================================
Received Prepare
Registering precompiled user dll's ...
Registered in 0.001808 seconds.
Begin MonoManager ReloadAssembly
Native extension for WindowsStandalone target not found
Refreshing native plugins compatible for Editor in 0.46 ms, found 0 plugins.
Preloading 0 native plugins for Editor in 0.00 ms.
Mono: successfully reloaded assembly
- Completed reload, in  1.031 seconds
Platform modules already initialized, skipping
Shader 'Universal Render Pipeline/Particles/Lit': fallback shader 'Universal Render Pipeline/Particles/SimpleLit' not found
Shader 'Universal Render Pipeline/Particles/Lit': fallback shader 'Universal Render Pipeline/Particles/SimpleLit' not found
Refreshing native plugins compatible for Editor in 0.47 ms, found 0 plugins.
Preloading 0 native plugins for Editor in 0.00 ms.
Unloading 2393 Unused Serialized files (Serialized files now loaded: 0)
System memory in use before: 112.0 MB.
System memory in use after: 109.5 MB.

Unloading 31 unused Assets to reduce memory usage. Loaded Objects now: 2964.
Total: 4.380900 ms (FindLiveObjects: 0.326200 ms CreateObjectMapping: 0.073500 ms MarkObjects: 2.269800 ms  DeleteObjects: 1.709700 ms)

========================================================================
Received Prepare
Registering precompiled user dll's ...
Registered in 0.001732 seconds.
Begin MonoManager ReloadAssembly
Native extension for WindowsStandalone target not found
Refreshing native plugins compatible for Editor in 0.45 ms, found 0 plugins.
Preloading 0 native plugins for Editor in 0.00 ms.
Mono: successfully reloaded assembly
- Completed reload, in  0.990 seconds
Platform modules already initialized, skipping
Shader 'Universal Render Pipeline/Particles/Lit': fallback shader 'Universal Render Pipeline/Particles/SimpleLit' not found
Shader 'Universal Render Pipeline/Particles/Lit': fallback shader 'Universal Render Pipeline/Particles/SimpleLit' not found
Refreshing native plugins compatible for Editor in 0.55 ms, found 0 plugins.
Preloading 0 native plugins for Editor in 0.00 ms.
Unloading 2393 Unused Serialized files (Serialized files now loaded: 0)
System memory in use before: 112.0 MB.
System memory in use after: 109.5 MB.

Unloading 31 unused Assets to reduce memory usage. Loaded Objects now: 2967.
Total: 4.887900 ms (FindLiveObjects: 0.599600 ms CreateObjectMapping: 0.139100 ms MarkObjects: 2.487400 ms  DeleteObjects: 1.659800 ms)

========================================================================
Received Prepare
Registering precompiled user dll's ...
Registered in 0.001758 seconds.
Begin MonoManager ReloadAssembly
Native extension for WindowsStandalone target not found
Refreshing native plugins compatible for Editor in 0.46 ms, found 0 plugins.
Preloading 0 native plugins for Editor in 0.00 ms.
Mono: successfully reloaded assembly
- Completed reload, in  1.062 seconds
Platform modules already initialized, skipping
Shader 'Universal Render Pipeline/Particles/Lit': fallback shader 'Universal Render Pipeline/Particles/SimpleLit' not found
Shader 'Universal Render Pipeline/Particles/Lit': fallback shader 'Universal Render Pipeline/Particles/SimpleLit' not found
Refreshing native plugins compatible for Editor in 0.49 ms, found 0 plugins.
Preloading 0 native plugins for Editor in 0.00 ms.
Unloading 2393 Unused Serialized files (Serialized files now loaded: 0)
System memory in use before: 112.0 MB.
System memory in use after: 109.5 MB.

Unloading 31 unused Assets to reduce memory usage. Loaded Objects now: 2970.
Total: 4.397000 ms (FindLiveObjects: 0.372700 ms CreateObjectMapping: 0.077400 ms MarkObjects: 2.254300 ms  DeleteObjects: 1.690200 ms)

========================================================================
Received Prepare
Registering precompiled user dll's ...
Registered in 0.001749 seconds.
Begin MonoManager ReloadAssembly
Native extension for WindowsStandalone target not found
Refreshing native plugins compatible for Editor in 0.44 ms, found 0 plugins.
Preloading 0 native plugins for Editor in 0.00 ms.
Mono: successfully reloaded assembly
- Completed reload, in  1.036 seconds
Platform modules already initialized, skipping
Shader 'Universal Render Pipeline/Particles/Lit': fallback shader 'Universal Render Pipeline/Particles/SimpleLit' not found
Shader 'Universal Render Pipeline/Particles/Lit': fallback shader 'Universal Render Pipeline/Particles/SimpleLit' not found
Refreshing native plugins compatible for Editor in 0.65 ms, found 0 plugins.
Preloading 0 native plugins for Editor in 0.00 ms.
Unloading 2393 Unused Serialized files (Serialized files now loaded: 0)
System memory in use before: 111.9 MB.
System memory in use after: 109.4 MB.

Unloading 31 unused Assets to reduce memory usage. Loaded Objects now: 2973.
Total: 4.042700 ms (FindLiveObjects: 0.307500 ms CreateObjectMapping: 0.074400 ms MarkObjects: 2.064500 ms  DeleteObjects: 1.594900 ms)

========================================================================
Received Prepare
Registering precompiled user dll's ...
Registered in 0.001768 seconds.
Begin MonoManager ReloadAssembly
Native extension for WindowsStandalone target not found
Refreshing native plugins compatible for Editor in 0.45 ms, found 0 plugins.
Preloading 0 native plugins for Editor in 0.00 ms.
Mono: successfully reloaded assembly
- Completed reload, in  0.994 seconds
Platform modules already initialized, skipping
Shader 'Universal Render Pipeline/Particles/Lit': fallback shader 'Universal Render Pipeline/Particles/SimpleLit' not found
Shader 'Universal Render Pipeline/Particles/Lit': fallback shader 'Universal Render Pipeline/Particles/SimpleLit' not found
Refreshing native plugins compatible for Editor in 0.48 ms, found 0 plugins.
Preloading 0 native plugins for Editor in 0.00 ms.
Unloading 2393 Unused Serialized files (Serialized files now loaded: 0)
System memory in use before: 112.0 MB.
System memory in use after: 109.5 MB.

Unloading 31 unused Assets to reduce memory usage. Loaded Objects now: 2976.
Total: 3.794500 ms (FindLiveObjects: 0.248500 ms CreateObjectMapping: 0.068300 ms MarkObjects: 1.916000 ms  DeleteObjects: 1.560200 ms)

========================================================================
Received Prepare
Registering precompiled user dll's ...
Registered in 0.001738 seconds.
Begin MonoManager ReloadAssembly
Native extension for WindowsStandalone target not found
Refreshing native plugins compatible for Editor in 0.64 ms, found 0 plugins.
Preloading 0 native plugins for Editor in 0.00 ms.
Mono: successfully reloaded assembly
- Completed reload, in  1.014 seconds
Platform modules already initialized, skipping
Shader 'Universal Render Pipeline/Particles/Lit': fallback shader 'Universal Render Pipeline/Particles/SimpleLit' not found
Shader 'Universal Render Pipeline/Particles/Lit': fallback shader 'Universal Render Pipeline/Particles/SimpleLit' not found
Refreshing native plugins compatible for Editor in 0.44 ms, found 0 plugins.
Preloading 0 native plugins for Editor in 0.00 ms.
Unloading 2393 Unused Serialized files (Serialized files now loaded: 0)
System memory in use before: 112.0 MB.
System memory in use after: 109.5 MB.

Unloading 31 unused Assets to reduce memory usage. Loaded Objects now: 2979.
Total: 3.790100 ms (FindLiveObjects: 0.264100 ms CreateObjectMapping: 0.068000 ms MarkObjects: 1.910200 ms  DeleteObjects: 1.546600 ms)

========================================================================
Received Import Request.
  Time since last request: 286.633285 seconds.
  path: Assets/Scripts/Eggs/EggSO.cs
  artifactKey: Guid(51ef096f79e3e104881e337bca107878) Importer(815301076,1909f56bfc062723c751e8b465ee728b)
Start importing Assets/Scripts/Eggs/EggSO.cs using Guid(51ef096f79e3e104881e337bca107878) Importer(815301076,1909f56bfc062723c751e8b465ee728b)  -> (artifact id: '0574c78af67e4e26b392e1fb7a6d6ea5') in 0.011888 seconds
  Import took 0.016562 seconds .

========================================================================
Received Prepare
Registering precompiled user dll's ...
Registered in 0.001753 seconds.
Begin MonoManager ReloadAssembly
Native extension for WindowsStandalone target not found
Refreshing native plugins compatible for Editor in 0.66 ms, found 0 plugins.
Preloading 0 native plugins for Editor in 0.00 ms.
Mono: successfully reloaded assembly
- Completed reload, in  1.022 seconds
Platform modules already initialized, skipping
Shader 'Universal Render Pipeline/Particles/Lit': fallback shader 'Universal Render Pipeline/Particles/SimpleLit' not found
Shader 'Universal Render Pipeline/Particles/Lit': fallback shader 'Universal Render Pipeline/Particles/SimpleLit' not found
Refreshing native plugins compatible for Editor in 0.46 ms, found 0 plugins.
Preloading 0 native plugins for Editor in 0.00 ms.
Unloading 2393 Unused Serialized files (Serialized files now loaded: 0)
System memory in use before: 112.0 MB.
System memory in use after: 109.5 MB.

Unloading 31 unused Assets to reduce memory usage. Loaded Objects now: 2982.
Total: 4.167300 ms (FindLiveObjects: 0.278000 ms CreateObjectMapping: 0.073100 ms MarkObjects: 2.191100 ms  DeleteObjects: 1.623200 ms)

========================================================================
Received Import Request.
  Time since last request: 186.802172 seconds.
  path: Assets/Materials/SilhouetteMat.mat
  artifactKey: Guid(38cb24b075a07eb449c6aee9bf6e883c) Importer(815301076,1909f56bfc062723c751e8b465ee728b)
Start importing Assets/Materials/SilhouetteMat.mat using Guid(38cb24b075a07eb449c6aee9bf6e883c) Importer(815301076,1909f56bfc062723c751e8b465ee728b)  -> (artifact id: 'b124b3a6f8cecb21e857c64c2f3016dc') in 0.770715 seconds
  Import took 0.775375 seconds .

========================================================================
Received Import Request.
  Time since last request: 16.423303 seconds.
  path: Assets/Scenes/EggSelection.unity
  artifactKey: Guid(000e5f223106f164abb5db68fbc42c3c) Importer(815301076,1909f56bfc062723c751e8b465ee728b)
Start importing Assets/Scenes/EggSelection.unity using Guid(000e5f223106f164abb5db68fbc42c3c) Importer(815301076,1909f56bfc062723c751e8b465ee728b)  -> (artifact id: 'c3367bf37772f13d3b739465ad4092c6') in 0.003705 seconds
  Import took 0.008362 seconds .

========================================================================
Received Import Request.
  Time since last request: 98.291664 seconds.
  path: Assets/Scenes/EggSelection.unity
  artifactKey: Guid(000e5f223106f164abb5db68fbc42c3c) Importer(815301076,1909f56bfc062723c751e8b465ee728b)
Start importing Assets/Scenes/EggSelection.unity using Guid(000e5f223106f164abb5db68fbc42c3c) Importer(815301076,1909f56bfc062723c751e8b465ee728b)  -> (artifact id: '416dc1148d4f0ddf9c001d5b97352026') in 0.004578 seconds
  Import took 0.009409 seconds .

========================================================================
Received Import Request.
  Time since last request: 0.000763 seconds.
  path: Assets/Scenes/EggSelection.unity
  artifactKey: Guid(000e5f223106f164abb5db68fbc42c3c) Importer(815301076,1909f56bfc062723c751e8b465ee728b)
Start importing Assets/Scenes/EggSelection.unity using Guid(000e5f223106f164abb5db68fbc42c3c) Importer(815301076,1909f56bfc062723c751e8b465ee728b)  -> (artifact id: '416dc1148d4f0ddf9c001d5b97352026') in 0.003392 seconds
  Import took 0.007185 seconds .

========================================================================
Received Import Request.
  Time since last request: 232.641728 seconds.
  path: Assets/Scenes/EggSelection.unity
  artifactKey: Guid(000e5f223106f164abb5db68fbc42c3c) Importer(815301076,1909f56bfc062723c751e8b465ee728b)
Start importing Assets/Scenes/EggSelection.unity using Guid(000e5f223106f164abb5db68fbc42c3c) Importer(815301076,1909f56bfc062723c751e8b465ee728b)  -> (artifact id: '7567da029570786993c4d6b455b5cca4') in 0.003721 seconds
  Import took 0.008800 seconds .

